[2022-06-27 09:53:20,373] {taskinstance.py:851} INFO - Dependencies all met for <TaskInstance: trigger_dag.gridSearchLR 2022-06-27T09:53:18.500396+00:00 [queued]>
[2022-06-27 09:53:20,385] {taskinstance.py:851} INFO - Dependencies all met for <TaskInstance: trigger_dag.gridSearchLR 2022-06-27T09:53:18.500396+00:00 [queued]>
[2022-06-27 09:53:20,385] {taskinstance.py:1042} INFO - 
--------------------------------------------------------------------------------
[2022-06-27 09:53:20,386] {taskinstance.py:1043} INFO - Starting attempt 1 of 1
[2022-06-27 09:53:20,386] {taskinstance.py:1044} INFO - 
--------------------------------------------------------------------------------
[2022-06-27 09:53:20,399] {taskinstance.py:1063} INFO - Executing <Task(PythonOperator): gridSearchLR> on 2022-06-27T09:53:18.500396+00:00
[2022-06-27 09:53:20,404] {standard_task_runner.py:52} INFO - Started process 2644 to run task
[2022-06-27 09:53:20,409] {standard_task_runner.py:76} INFO - Running: ['airflow', 'tasks', 'run', 'trigger_dag', 'gridSearchLR', '2022-06-27T09:53:18.500396+00:00', '--job-id', '475', '--pool', 'default_pool', '--raw', '--subdir', 'DAGS_FOLDER/trigger_dag.py', '--cfg-path', '/tmp/tmpz6p43_mn', '--error-file', '/tmp/tmp_c_2ucxd']
[2022-06-27 09:53:20,411] {standard_task_runner.py:77} INFO - Job 475: Subtask gridSearchLR
[2022-06-27 09:53:20,453] {logging_mixin.py:104} INFO - Running <TaskInstance: trigger_dag.gridSearchLR 2022-06-27T09:53:18.500396+00:00 [running]> on host 61d9f46d7859
[2022-06-27 09:53:20,495] {taskinstance.py:1257} INFO - Exporting the following env vars:
AIRFLOW_CTX_DAG_OWNER=airflow
AIRFLOW_CTX_DAG_ID=trigger_dag
AIRFLOW_CTX_TASK_ID=gridSearchLR
AIRFLOW_CTX_EXECUTION_DATE=2022-06-27T09:53:18.500396+00:00
AIRFLOW_CTX_DAG_RUN_ID=manual__2022-06-27T09:53:18.500396+00:00
[2022-06-27 09:53:20,570] {logging_mixin.py:104} WARNING - 2022/06/27 09:53:20 WARNING mlflow.tracking.context.git_context: Failed to import Git (the Git executable is probably not on your PATH), so Git SHA is not available. Error: Failed to initialize: Bad git executable.
The git executable must be specified in one of the following ways:
    - be included in your $PATH
    - be set via $GIT_PYTHON_GIT_EXECUTABLE
    - explicitly set via git.refresh()

All git commands will error until this is rectified.

This initial warning can be silenced or aggravated in the future by setting the
$GIT_PYTHON_REFRESH environment variable. Use one of the following values:
    - quiet|q|silence|s|none|n|0: for no warning or exception
    - warn|w|warning|1: for a printed warning
    - error|e|raise|r|2: for a raised exception

Example:
    export GIT_PYTHON_REFRESH=quiet
[2022-06-27 09:53:20,571] {logging_mixin.py:104} WARNING - 
[2022-06-27 09:53:20,583] {logging_mixin.py:104} INFO - Running mlflow_tracking.py
[2022-06-27 09:53:20,618] {connectionpool.py:752} WARNING - Retrying (Retry(total=4, connect=4, read=5, redirect=5, status=5)) after connection broken by 'NewConnectionError('<urllib3.connection.HTTPConnection object at 0x7f23e463af60>: Failed to establish a new connection: [Errno 111] Connection refused',)': /api/2.0/mlflow/runs/update
[2022-06-27 09:53:24,624] {connectionpool.py:752} WARNING - Retrying (Retry(total=3, connect=3, read=5, redirect=5, status=5)) after connection broken by 'NewConnectionError('<urllib3.connection.HTTPConnection object at 0x7f23e463aef0>: Failed to establish a new connection: [Errno 111] Connection refused',)': /api/2.0/mlflow/runs/update
[2022-06-27 09:53:32,636] {connectionpool.py:752} WARNING - Retrying (Retry(total=2, connect=2, read=5, redirect=5, status=5)) after connection broken by 'NewConnectionError('<urllib3.connection.HTTPConnection object at 0x7f23e463a6d8>: Failed to establish a new connection: [Errno 111] Connection refused',)': /api/2.0/mlflow/runs/update
[2022-06-27 09:53:48,636] {connectionpool.py:752} WARNING - Retrying (Retry(total=1, connect=1, read=5, redirect=5, status=5)) after connection broken by 'NewConnectionError('<urllib3.connection.HTTPConnection object at 0x7f23e463a978>: Failed to establish a new connection: [Errno 111] Connection refused',)': /api/2.0/mlflow/runs/update
[2022-06-27 09:54:20,649] {connectionpool.py:752} WARNING - Retrying (Retry(total=0, connect=0, read=5, redirect=5, status=5)) after connection broken by 'NewConnectionError('<urllib3.connection.HTTPConnection object at 0x7f23e463a4e0>: Failed to establish a new connection: [Errno 111] Connection refused',)': /api/2.0/mlflow/runs/update
[2022-06-27 09:54:20,652] {taskinstance.py:1455} ERROR - API request to http://localhost:5000/api/2.0/mlflow/runs/update failed with exception HTTPConnectionPool(host='localhost', port=5000): Max retries exceeded with url: /api/2.0/mlflow/runs/update (Caused by NewConnectionError('<urllib3.connection.HTTPConnection object at 0x7f23e463a0b8>: Failed to establish a new connection: [Errno 111] Connection refused',))
Traceback (most recent call last):
  File "/opt/airflow/dags/trigger_dag.py", line 27, in prueba
NameError: name 'randint' is not defined

During handling of the above exception, another exception occurred:

Traceback (most recent call last):
  File "/home/airflow/.local/lib/python3.6/site-packages/urllib3/connection.py", line 160, in _new_conn
    (self._dns_host, self.port), self.timeout, **extra_kw
  File "/home/airflow/.local/lib/python3.6/site-packages/urllib3/util/connection.py", line 84, in create_connection
    raise err
  File "/home/airflow/.local/lib/python3.6/site-packages/urllib3/util/connection.py", line 74, in create_connection
    sock.connect(sa)
ConnectionRefusedError: [Errno 111] Connection refused

During handling of the above exception, another exception occurred:

Traceback (most recent call last):
  File "/home/airflow/.local/lib/python3.6/site-packages/urllib3/connectionpool.py", line 677, in urlopen
    chunked=chunked,
  File "/home/airflow/.local/lib/python3.6/site-packages/urllib3/connectionpool.py", line 392, in _make_request
    conn.request(method, url, **httplib_request_kw)
  File "/usr/local/lib/python3.6/http/client.py", line 1291, in request
    self._send_request(method, url, body, headers, encode_chunked)
  File "/usr/local/lib/python3.6/http/client.py", line 1337, in _send_request
    self.endheaders(body, encode_chunked=encode_chunked)
  File "/usr/local/lib/python3.6/http/client.py", line 1286, in endheaders
    self._send_output(message_body, encode_chunked=encode_chunked)
  File "/usr/local/lib/python3.6/http/client.py", line 1046, in _send_output
    self.send(msg)
  File "/usr/local/lib/python3.6/http/client.py", line 984, in send
    self.connect()
  File "/home/airflow/.local/lib/python3.6/site-packages/urllib3/connection.py", line 187, in connect
    conn = self._new_conn()
  File "/home/airflow/.local/lib/python3.6/site-packages/urllib3/connection.py", line 172, in _new_conn
    self, "Failed to establish a new connection: %s" % e
urllib3.exceptions.NewConnectionError: <urllib3.connection.HTTPConnection object at 0x7f23e463a0b8>: Failed to establish a new connection: [Errno 111] Connection refused

During handling of the above exception, another exception occurred:

Traceback (most recent call last):
  File "/home/airflow/.local/lib/python3.6/site-packages/requests/adapters.py", line 449, in send
    timeout=timeout
  File "/home/airflow/.local/lib/python3.6/site-packages/urllib3/connectionpool.py", line 767, in urlopen
    **response_kw
  File "/home/airflow/.local/lib/python3.6/site-packages/urllib3/connectionpool.py", line 767, in urlopen
    **response_kw
  File "/home/airflow/.local/lib/python3.6/site-packages/urllib3/connectionpool.py", line 767, in urlopen
    **response_kw
  [Previous line repeated 2 more times]
  File "/home/airflow/.local/lib/python3.6/site-packages/urllib3/connectionpool.py", line 727, in urlopen
    method, url, error=e, _pool=self, _stacktrace=sys.exc_info()[2]
  File "/home/airflow/.local/lib/python3.6/site-packages/urllib3/util/retry.py", line 446, in increment
    raise MaxRetryError(_pool, url, error or ResponseError(cause))
urllib3.exceptions.MaxRetryError: HTTPConnectionPool(host='localhost', port=5000): Max retries exceeded with url: /api/2.0/mlflow/runs/update (Caused by NewConnectionError('<urllib3.connection.HTTPConnection object at 0x7f23e463a0b8>: Failed to establish a new connection: [Errno 111] Connection refused',))

During handling of the above exception, another exception occurred:

Traceback (most recent call last):
  File "/home/airflow/.local/lib/python3.6/site-packages/mlflow/utils/rest_utils.py", line 144, in http_request
    **kwargs,
  File "/home/airflow/.local/lib/python3.6/site-packages/mlflow/utils/rest_utils.py", line 75, in _get_http_response_with_retries
    response = http.request(method, url, **kwargs)
  File "/home/airflow/.local/lib/python3.6/site-packages/requests/sessions.py", line 542, in request
    resp = self.send(prep, **send_kwargs)
  File "/home/airflow/.local/lib/python3.6/site-packages/requests/sessions.py", line 655, in send
    r = adapter.send(request, **kwargs)
  File "/home/airflow/.local/lib/python3.6/site-packages/requests/adapters.py", line 516, in send
    raise ConnectionError(e, request=request)
requests.exceptions.ConnectionError: HTTPConnectionPool(host='localhost', port=5000): Max retries exceeded with url: /api/2.0/mlflow/runs/update (Caused by NewConnectionError('<urllib3.connection.HTTPConnection object at 0x7f23e463a0b8>: Failed to establish a new connection: [Errno 111] Connection refused',))

During handling of the above exception, another exception occurred:

Traceback (most recent call last):
  File "/home/airflow/.local/lib/python3.6/site-packages/airflow/models/taskinstance.py", line 1112, in _run_raw_task
    self._prepare_and_execute_task_with_callbacks(context, task)
  File "/home/airflow/.local/lib/python3.6/site-packages/airflow/models/taskinstance.py", line 1285, in _prepare_and_execute_task_with_callbacks
    result = self._execute_task(context, task_copy)
  File "/home/airflow/.local/lib/python3.6/site-packages/airflow/models/taskinstance.py", line 1315, in _execute_task
    result = task_copy.execute(context=context)
  File "/home/airflow/.local/lib/python3.6/site-packages/airflow/operators/python.py", line 117, in execute
    return_value = self.execute_callable()
  File "/home/airflow/.local/lib/python3.6/site-packages/airflow/operators/python.py", line 128, in execute_callable
    return self.python_callable(*self.op_args, **self.op_kwargs)
  File "/opt/airflow/dags/trigger_dag.py", line 38, in prueba
  File "/home/airflow/.local/lib/python3.6/site-packages/mlflow/tracking/fluent.py", line 150, in __exit__
    end_run(RunStatus.to_string(status))
  File "/home/airflow/.local/lib/python3.6/site-packages/mlflow/tracking/fluent.py", line 331, in end_run
    MlflowClient().set_terminated(run.info.run_id, status)
  File "/home/airflow/.local/lib/python3.6/site-packages/mlflow/tracking/client.py", line 1458, in set_terminated
    self._tracking_client.set_terminated(run_id, status, end_time)
  File "/home/airflow/.local/lib/python3.6/site-packages/mlflow/tracking/_tracking_service/client.py", line 402, in set_terminated
    run_id, run_status=RunStatus.from_string(status), end_time=end_time
  File "/home/airflow/.local/lib/python3.6/site-packages/mlflow/store/tracking/rest_store.py", line 146, in update_run_info
    response_proto = self._call_endpoint(UpdateRun, req_body)
  File "/home/airflow/.local/lib/python3.6/site-packages/mlflow/store/tracking/rest_store.py", line 56, in _call_endpoint
    return call_endpoint(self.get_host_creds(), endpoint, method, json_body, response_proto)
  File "/home/airflow/.local/lib/python3.6/site-packages/mlflow/utils/rest_utils.py", line 238, in call_endpoint
    host_creds=host_creds, endpoint=endpoint, method=method, json=json_body
  File "/home/airflow/.local/lib/python3.6/site-packages/mlflow/utils/rest_utils.py", line 147, in http_request
    raise MlflowException("API request to %s failed with exception %s" % (url, e))
mlflow.exceptions.MlflowException: API request to http://localhost:5000/api/2.0/mlflow/runs/update failed with exception HTTPConnectionPool(host='localhost', port=5000): Max retries exceeded with url: /api/2.0/mlflow/runs/update (Caused by NewConnectionError('<urllib3.connection.HTTPConnection object at 0x7f23e463a0b8>: Failed to establish a new connection: [Errno 111] Connection refused',))
[2022-06-27 09:54:20,671] {taskinstance.py:1503} INFO - Marking task as FAILED. dag_id=trigger_dag, task_id=gridSearchLR, execution_date=20220627T095318, start_date=20220627T095320, end_date=20220627T095420
[2022-06-27 09:54:20,739] {local_task_job.py:146} INFO - Task exited with return code 1
