[2022-06-29 20:53:26,151] {taskinstance.py:851} INFO - Dependencies all met for <TaskInstance: Company_Predict.trigger_target 2022-01-12T00:00:00+00:00 [None]>
[2022-06-29 20:53:26,201] {taskinstance.py:851} INFO - Dependencies all met for <TaskInstance: Company_Predict.trigger_target 2022-01-12T00:00:00+00:00 [None]>
[2022-06-29 20:53:26,206] {taskinstance.py:1042} INFO - 
--------------------------------------------------------------------------------
[2022-06-29 20:53:26,207] {taskinstance.py:1043} INFO - Starting attempt 1 of 2
[2022-06-29 20:53:26,208] {taskinstance.py:1044} INFO - 
--------------------------------------------------------------------------------
[2022-06-29 20:53:26,245] {taskinstance.py:1063} INFO - Executing <Task(TriggerDagRunOperator): trigger_target> on 2022-01-12T00:00:00+00:00
[2022-06-29 20:53:26,263] {standard_task_runner.py:52} INFO - Started process 1262 to run task
[2022-06-29 20:53:26,303] {standard_task_runner.py:76} INFO - Running: ['airflow', 'tasks', 'run', 'Company_Predict', 'trigger_target', '2022-01-12T00:00:00+00:00', '--job-id', '1339', '--pool', 'default_pool', '--raw', '--subdir', 'DAGS_FOLDER/company_predict.py', '--cfg-path', '/tmp/tmpd3u4qp6v', '--error-file', '/tmp/tmppm7uf7g7']
[2022-06-29 20:53:26,312] {standard_task_runner.py:77} INFO - Job 1339: Subtask trigger_target
[2022-06-29 20:53:26,614] {logging_mixin.py:104} INFO - Running <TaskInstance: Company_Predict.trigger_target 2022-01-12T00:00:00+00:00 [running]> on host 1ff8f57a8cbf
[2022-06-29 20:53:26,729] {taskinstance.py:1257} INFO - Exporting the following env vars:
AIRFLOW_CTX_DAG_EMAIL=enrique-liebana@outlook.com
AIRFLOW_CTX_DAG_OWNER=Enrique Liebana Peña
AIRFLOW_CTX_DAG_ID=Company_Predict
AIRFLOW_CTX_TASK_ID=trigger_target
AIRFLOW_CTX_EXECUTION_DATE=2022-01-12T00:00:00+00:00
[2022-06-29 20:53:26,785] {taskinstance.py:1455} ERROR - Dag id SDG_Enrique_V0 not found in DagModel
Traceback (most recent call last):
  File "/home/airflow/.local/lib/python3.6/site-packages/airflow/models/taskinstance.py", line 1112, in _run_raw_task
    self._prepare_and_execute_task_with_callbacks(context, task)
  File "/home/airflow/.local/lib/python3.6/site-packages/airflow/models/taskinstance.py", line 1285, in _prepare_and_execute_task_with_callbacks
    result = self._execute_task(context, task_copy)
  File "/home/airflow/.local/lib/python3.6/site-packages/airflow/models/taskinstance.py", line 1315, in _execute_task
    result = task_copy.execute(context=context)
  File "/home/airflow/.local/lib/python3.6/site-packages/airflow/operators/trigger_dagrun.py", line 135, in execute
    replace_microseconds=False,
  File "/home/airflow/.local/lib/python3.6/site-packages/airflow/api/common/experimental/trigger_dag.py", line 114, in trigger_dag
    raise DagNotFound(f"Dag id {dag_id} not found in DagModel")
airflow.exceptions.DagNotFound: Dag id SDG_Enrique_V0 not found in DagModel
[2022-06-29 20:53:26,790] {taskinstance.py:1503} INFO - Marking task as UP_FOR_RETRY. dag_id=Company_Predict, task_id=trigger_target, execution_date=20220112T000000, start_date=20220629T205326, end_date=20220629T205326
[2022-06-29 20:53:26,900] {local_task_job.py:146} INFO - Task exited with return code 1
[2022-06-29 20:56:29,558] {taskinstance.py:851} INFO - Dependencies all met for <TaskInstance: Company_Predict.trigger_target 2022-01-12T00:00:00+00:00 [queued]>
[2022-06-29 20:56:29,646] {taskinstance.py:851} INFO - Dependencies all met for <TaskInstance: Company_Predict.trigger_target 2022-01-12T00:00:00+00:00 [queued]>
[2022-06-29 20:56:29,652] {taskinstance.py:1042} INFO - 
--------------------------------------------------------------------------------
[2022-06-29 20:56:29,663] {taskinstance.py:1043} INFO - Starting attempt 1 of 1
[2022-06-29 20:56:29,665] {taskinstance.py:1044} INFO - 
--------------------------------------------------------------------------------
[2022-06-29 20:56:29,742] {taskinstance.py:1063} INFO - Executing <Task(TriggerDagRunOperator): trigger_target> on 2022-01-12T00:00:00+00:00
[2022-06-29 20:56:29,792] {standard_task_runner.py:52} INFO - Started process 1647 to run task
[2022-06-29 20:56:29,840] {standard_task_runner.py:76} INFO - Running: ['airflow', 'tasks', 'run', 'Company_Predict', 'trigger_target', '2022-01-12T00:00:00+00:00', '--job-id', '1374', '--pool', 'default_pool', '--raw', '--subdir', 'DAGS_FOLDER/company_predict.py', '--cfg-path', '/tmp/tmpafh7xvoz', '--error-file', '/tmp/tmprk3biy8z']
[2022-06-29 20:56:29,858] {standard_task_runner.py:77} INFO - Job 1374: Subtask trigger_target
[2022-06-29 20:56:30,066] {logging_mixin.py:104} INFO - Running <TaskInstance: Company_Predict.trigger_target 2022-01-12T00:00:00+00:00 [running]> on host 1ff8f57a8cbf
[2022-06-29 20:56:30,198] {taskinstance.py:1257} INFO - Exporting the following env vars:
AIRFLOW_CTX_DAG_EMAIL=enrique-liebana@outlook.com
AIRFLOW_CTX_DAG_OWNER=Enrique Liebana Peña
AIRFLOW_CTX_DAG_ID=Company_Predict
AIRFLOW_CTX_TASK_ID=trigger_target
AIRFLOW_CTX_EXECUTION_DATE=2022-01-12T00:00:00+00:00
AIRFLOW_CTX_DAG_RUN_ID=scheduled__2022-01-12T00:00:00+00:00
[2022-06-29 20:56:30,482] {trigger_dagrun.py:165} INFO - Waiting for SDG_Enrique_V0 on 2022-01-12T00:00:00+00:00 to become allowed state ['success'] ...
[2022-06-29 20:57:30,425] {local_task_job.py:188} WARNING - State of this instance has been externally set to None. Terminating instance.
[2022-06-29 20:57:31,488] {taskinstance.py:1455} ERROR - No row was found for one()
Traceback (most recent call last):
  File "/home/airflow/.local/lib/python3.6/site-packages/airflow/models/taskinstance.py", line 1112, in _run_raw_task
    self._prepare_and_execute_task_with_callbacks(context, task)
  File "/home/airflow/.local/lib/python3.6/site-packages/airflow/models/taskinstance.py", line 1285, in _prepare_and_execute_task_with_callbacks
    result = self._execute_task(context, task_copy)
  File "/home/airflow/.local/lib/python3.6/site-packages/airflow/models/taskinstance.py", line 1315, in _execute_task
    result = task_copy.execute(context=context)
  File "/home/airflow/.local/lib/python3.6/site-packages/airflow/operators/trigger_dagrun.py", line 169, in execute
    dag_run.refresh_from_db()
  File "/home/airflow/.local/lib/python3.6/site-packages/airflow/utils/session.py", line 65, in wrapper
    return func(*args, session=session, **kwargs)
  File "/home/airflow/.local/lib/python3.6/site-packages/airflow/models/dagrun.py", line 178, in refresh_from_db
    DR.run_id == self.run_id,
  File "/home/airflow/.local/lib/python3.6/site-packages/sqlalchemy/orm/query.py", line 3500, in one
    raise orm_exc.NoResultFound("No row was found for one()")
sqlalchemy.orm.exc.NoResultFound: No row was found for one()
[2022-06-29 20:57:31,662] {process_utils.py:100} INFO - Sending Signals.SIGTERM to GPID 1647
[2022-06-29 20:57:31,708] {taskinstance.py:1503} INFO - Marking task as FAILED. dag_id=Company_Predict, task_id=trigger_target, execution_date=20220112T000000, start_date=20220629T205629, end_date=20220629T205731
[2022-06-29 20:57:31,843] {taskinstance.py:1239} ERROR - Received SIGTERM. Terminating subprocesses.
[2022-06-29 20:57:31,891] {logging_mixin.py:104} WARNING - --- Logging error ---
[2022-06-29 20:57:32,016] {logging_mixin.py:104} WARNING - Traceback (most recent call last):
[2022-06-29 20:57:32,060] {logging_mixin.py:104} WARNING -   File "/home/airflow/.local/lib/python3.6/site-packages/airflow/models/taskinstance.py", line 1112, in _run_raw_task
    self._prepare_and_execute_task_with_callbacks(context, task)
[2022-06-29 20:57:32,091] {logging_mixin.py:104} WARNING -   File "/home/airflow/.local/lib/python3.6/site-packages/airflow/models/taskinstance.py", line 1285, in _prepare_and_execute_task_with_callbacks
    result = self._execute_task(context, task_copy)
[2022-06-29 20:57:32,179] {logging_mixin.py:104} WARNING -   File "/home/airflow/.local/lib/python3.6/site-packages/airflow/models/taskinstance.py", line 1315, in _execute_task
    result = task_copy.execute(context=context)
[2022-06-29 20:57:32,198] {logging_mixin.py:104} WARNING -   File "/home/airflow/.local/lib/python3.6/site-packages/airflow/operators/trigger_dagrun.py", line 169, in execute
    dag_run.refresh_from_db()
[2022-06-29 20:57:32,205] {logging_mixin.py:104} WARNING -   File "/home/airflow/.local/lib/python3.6/site-packages/airflow/utils/session.py", line 65, in wrapper
    return func(*args, session=session, **kwargs)
[2022-06-29 20:57:32,213] {logging_mixin.py:104} WARNING -   File "/home/airflow/.local/lib/python3.6/site-packages/airflow/models/dagrun.py", line 178, in refresh_from_db
    DR.run_id == self.run_id,
[2022-06-29 20:57:32,219] {logging_mixin.py:104} WARNING -   File "/home/airflow/.local/lib/python3.6/site-packages/sqlalchemy/orm/query.py", line 3500, in one
    raise orm_exc.NoResultFound("No row was found for one()")
[2022-06-29 20:57:32,222] {logging_mixin.py:104} WARNING - sqlalchemy.orm.exc.NoResultFound: No row was found for one()
[2022-06-29 20:57:32,225] {logging_mixin.py:104} WARNING - 
During handling of the above exception, another exception occurred:
[2022-06-29 20:57:32,228] {logging_mixin.py:104} WARNING - Traceback (most recent call last):
[2022-06-29 20:57:32,230] {logging_mixin.py:104} WARNING -   File "/usr/local/lib/python3.6/logging/__init__.py", line 997, in emit
    stream.write(self.terminator)
[2022-06-29 20:57:32,242] {logging_mixin.py:104} WARNING -   File "/home/airflow/.local/lib/python3.6/site-packages/airflow/models/taskinstance.py", line 1241, in signal_handler
    raise AirflowException("Task received SIGTERM signal")
[2022-06-29 20:57:32,295] {logging_mixin.py:104} WARNING - airflow.exceptions.AirflowException: Task received SIGTERM signal
[2022-06-29 20:57:32,353] {logging_mixin.py:104} WARNING - Call stack:
[2022-06-29 20:57:32,411] {logging_mixin.py:104} WARNING -   File "/home/airflow/.local/bin/airflow", line 8, in <module>
    sys.exit(main())
[2022-06-29 20:57:32,417] {logging_mixin.py:104} WARNING -   File "/home/airflow/.local/lib/python3.6/site-packages/airflow/__main__.py", line 40, in main
    args.func(args)
[2022-06-29 20:57:32,428] {logging_mixin.py:104} WARNING -   File "/home/airflow/.local/lib/python3.6/site-packages/airflow/cli/cli_parser.py", line 48, in command
    return func(*args, **kwargs)
[2022-06-29 20:57:32,435] {logging_mixin.py:104} WARNING -   File "/home/airflow/.local/lib/python3.6/site-packages/airflow/utils/cli.py", line 89, in wrapper
    return f(*args, **kwargs)
[2022-06-29 20:57:32,447] {logging_mixin.py:104} WARNING -   File "/home/airflow/.local/lib/python3.6/site-packages/airflow/cli/commands/scheduler_command.py", line 63, in scheduler
    job.run()
[2022-06-29 20:57:32,448] {logging_mixin.py:104} WARNING -   File "/home/airflow/.local/lib/python3.6/site-packages/airflow/jobs/base_job.py", line 237, in run
    self._execute()
[2022-06-29 20:57:32,456] {logging_mixin.py:104} WARNING -   File "/home/airflow/.local/lib/python3.6/site-packages/airflow/jobs/scheduler_job.py", line 1272, in _execute
    self.executor.start()
[2022-06-29 20:57:32,466] {logging_mixin.py:104} WARNING -   File "/home/airflow/.local/lib/python3.6/site-packages/airflow/executors/local_executor.py", line 346, in start
    self.impl.start()
[2022-06-29 20:57:32,469] {logging_mixin.py:104} WARNING -   File "/home/airflow/.local/lib/python3.6/site-packages/airflow/executors/local_executor.py", line 291, in start
    worker.start()
[2022-06-29 20:57:32,473] {logging_mixin.py:104} WARNING -   File "/usr/local/lib/python3.6/multiprocessing/process.py", line 105, in start
    self._popen = self._Popen(self)
[2022-06-29 20:57:32,477] {logging_mixin.py:104} WARNING -   File "/usr/local/lib/python3.6/multiprocessing/context.py", line 223, in _Popen
    return _default_context.get_context().Process._Popen(process_obj)
[2022-06-29 20:57:32,484] {logging_mixin.py:104} WARNING -   File "/usr/local/lib/python3.6/multiprocessing/context.py", line 277, in _Popen
    return Popen(process_obj)
[2022-06-29 20:57:32,488] {logging_mixin.py:104} WARNING -   File "/usr/local/lib/python3.6/multiprocessing/popen_fork.py", line 19, in __init__
    self._launch(process_obj)
[2022-06-29 20:57:32,491] {logging_mixin.py:104} WARNING -   File "/usr/local/lib/python3.6/multiprocessing/popen_fork.py", line 73, in _launch
    code = process_obj._bootstrap()
[2022-06-29 20:57:32,499] {logging_mixin.py:104} WARNING -   File "/usr/local/lib/python3.6/multiprocessing/process.py", line 258, in _bootstrap
    self.run()
[2022-06-29 20:57:32,503] {logging_mixin.py:104} WARNING -   File "/home/airflow/.local/lib/python3.6/site-packages/airflow/executors/local_executor.py", line 69, in run
    return super().run()
[2022-06-29 20:57:32,507] {logging_mixin.py:104} WARNING -   File "/usr/local/lib/python3.6/multiprocessing/process.py", line 93, in run
    self._target(*self._args, **self._kwargs)
[2022-06-29 20:57:32,510] {logging_mixin.py:104} WARNING -   File "/home/airflow/.local/lib/python3.6/site-packages/airflow/executors/local_executor.py", line 181, in do_work
    self.execute_work(key=key, command=command)
[2022-06-29 20:57:32,511] {logging_mixin.py:104} WARNING -   File "/home/airflow/.local/lib/python3.6/site-packages/airflow/executors/local_executor.py", line 85, in execute_work
    state = self._execute_work_in_fork(command)
[2022-06-29 20:57:32,513] {logging_mixin.py:104} WARNING -   File "/home/airflow/.local/lib/python3.6/site-packages/airflow/executors/local_executor.py", line 123, in _execute_work_in_fork
    args.func(args)
[2022-06-29 20:57:32,518] {logging_mixin.py:104} WARNING -   File "/home/airflow/.local/lib/python3.6/site-packages/airflow/cli/cli_parser.py", line 48, in command
    return func(*args, **kwargs)
[2022-06-29 20:57:32,524] {logging_mixin.py:104} WARNING -   File "/home/airflow/.local/lib/python3.6/site-packages/airflow/utils/cli.py", line 89, in wrapper
    return f(*args, **kwargs)
[2022-06-29 20:57:32,527] {logging_mixin.py:104} WARNING -   File "/home/airflow/.local/lib/python3.6/site-packages/airflow/cli/commands/task_command.py", line 235, in task_run
    _run_task_by_selected_method(args, dag, ti)
[2022-06-29 20:57:32,529] {logging_mixin.py:104} WARNING -   File "/home/airflow/.local/lib/python3.6/site-packages/airflow/cli/commands/task_command.py", line 64, in _run_task_by_selected_method
    _run_task_by_local_task_job(args, ti)
[2022-06-29 20:57:32,532] {logging_mixin.py:104} WARNING -   File "/home/airflow/.local/lib/python3.6/site-packages/airflow/cli/commands/task_command.py", line 120, in _run_task_by_local_task_job
    run_job.run()
[2022-06-29 20:57:32,534] {logging_mixin.py:104} WARNING -   File "/home/airflow/.local/lib/python3.6/site-packages/airflow/jobs/base_job.py", line 237, in run
    self._execute()
[2022-06-29 20:57:32,584] {logging_mixin.py:104} WARNING -   File "/home/airflow/.local/lib/python3.6/site-packages/airflow/jobs/local_task_job.py", line 97, in _execute
    self.task_runner.start()
[2022-06-29 20:57:32,647] {logging_mixin.py:104} WARNING -   File "/home/airflow/.local/lib/python3.6/site-packages/airflow/task/task_runner/standard_task_runner.py", line 41, in start
    self.process = self._start_by_fork()
[2022-06-29 20:57:32,662] {logging_mixin.py:104} WARNING -   File "/home/airflow/.local/lib/python3.6/site-packages/airflow/task/task_runner/standard_task_runner.py", line 85, in _start_by_fork
    args.func(args, dag=self.dag)
[2022-06-29 20:57:32,700] {logging_mixin.py:104} WARNING -   File "/home/airflow/.local/lib/python3.6/site-packages/airflow/cli/cli_parser.py", line 48, in command
    return func(*args, **kwargs)
[2022-06-29 20:57:32,757] {logging_mixin.py:104} WARNING -   File "/home/airflow/.local/lib/python3.6/site-packages/airflow/utils/cli.py", line 89, in wrapper
    return f(*args, **kwargs)
[2022-06-29 20:57:32,796] {logging_mixin.py:104} WARNING -   File "/home/airflow/.local/lib/python3.6/site-packages/airflow/cli/commands/task_command.py", line 235, in task_run
    _run_task_by_selected_method(args, dag, ti)
[2022-06-29 20:57:32,823] {logging_mixin.py:104} WARNING -   File "/home/airflow/.local/lib/python3.6/site-packages/airflow/cli/commands/task_command.py", line 66, in _run_task_by_selected_method
    _run_raw_task(args, ti)
[2022-06-29 20:57:32,837] {logging_mixin.py:104} WARNING -   File "/home/airflow/.local/lib/python3.6/site-packages/airflow/cli/commands/task_command.py", line 152, in _run_raw_task
    error_file=args.error_file,
[2022-06-29 20:57:32,885] {logging_mixin.py:104} WARNING -   File "/home/airflow/.local/lib/python3.6/site-packages/airflow/utils/session.py", line 65, in wrapper
    return func(*args, session=session, **kwargs)
[2022-06-29 20:57:32,912] {logging_mixin.py:104} WARNING -   File "/home/airflow/.local/lib/python3.6/site-packages/airflow/models/taskinstance.py", line 1152, in _run_raw_task
    self.handle_failure(e, test_mode, error_file=error_file)
[2022-06-29 20:57:32,920] {logging_mixin.py:104} WARNING -   File "/home/airflow/.local/lib/python3.6/site-packages/airflow/utils/session.py", line 65, in wrapper
    return func(*args, session=session, **kwargs)
[2022-06-29 20:57:32,925] {logging_mixin.py:104} WARNING -   File "/home/airflow/.local/lib/python3.6/site-packages/airflow/models/taskinstance.py", line 1503, in handle_failure
    self._safe_date('end_date', '%Y%m%dT%H%M%S'),
[2022-06-29 20:57:32,933] {logging_mixin.py:104} WARNING -   File "/usr/local/lib/python3.6/logging/__init__.py", line 1308, in info
    self._log(INFO, msg, args, **kwargs)
[2022-06-29 20:57:32,974] {logging_mixin.py:104} WARNING -   File "/usr/local/lib/python3.6/logging/__init__.py", line 1444, in _log
    self.handle(record)
[2022-06-29 20:57:32,985] {logging_mixin.py:104} WARNING -   File "/usr/local/lib/python3.6/logging/__init__.py", line 1454, in handle
    self.callHandlers(record)
[2022-06-29 20:57:33,004] {logging_mixin.py:104} WARNING -   File "/usr/local/lib/python3.6/logging/__init__.py", line 1516, in callHandlers
    hdlr.handle(record)
[2022-06-29 20:57:33,008] {logging_mixin.py:104} WARNING -   File "/usr/local/lib/python3.6/logging/__init__.py", line 865, in handle
    self.emit(record)
[2022-06-29 20:57:33,125] {logging_mixin.py:104} WARNING -   File "/home/airflow/.local/lib/python3.6/site-packages/airflow/utils/log/file_task_handler.py", line 64, in emit
    self.handler.emit(record)
[2022-06-29 20:57:33,155] {logging_mixin.py:104} WARNING - Message: '%s dag_id=%s, task_id=%s, execution_date=%s, start_date=%s, end_date=%s'
Arguments: ('Marking task as FAILED.', 'Company_Predict', 'trigger_target', '20220112T000000', '20220629T205629', '20220629T205731')
[2022-06-29 20:57:34,578] {process_utils.py:66} INFO - Process psutil.Process(pid=1647, status='terminated', exitcode=1, started='20:56:29') (1647) terminated with exit code 1
