[2022-06-25 17:53:45,459] {taskinstance.py:851} INFO - Dependencies all met for <TaskInstance: SDG_Enrique_V0.readCSV_convertColumns 2022-06-25T17:53:28.008870+00:00 [queued]>
[2022-06-25 17:53:45,484] {taskinstance.py:851} INFO - Dependencies all met for <TaskInstance: SDG_Enrique_V0.readCSV_convertColumns 2022-06-25T17:53:28.008870+00:00 [queued]>
[2022-06-25 17:53:45,488] {taskinstance.py:1042} INFO - 
--------------------------------------------------------------------------------
[2022-06-25 17:53:45,489] {taskinstance.py:1043} INFO - Starting attempt 1 of 1
[2022-06-25 17:53:45,491] {taskinstance.py:1044} INFO - 
--------------------------------------------------------------------------------
[2022-06-25 17:53:45,516] {taskinstance.py:1063} INFO - Executing <Task(PythonOperator): readCSV_convertColumns> on 2022-06-25T17:53:28.008870+00:00
[2022-06-25 17:53:45,528] {standard_task_runner.py:52} INFO - Started process 346 to run task
[2022-06-25 17:53:45,536] {standard_task_runner.py:76} INFO - Running: ['airflow', 'tasks', 'run', 'SDG_Enrique_V0', 'readCSV_convertColumns', '2022-06-25T17:53:28.008870+00:00', '--job-id', '96', '--pool', 'default_pool', '--raw', '--subdir', 'DAGS_FOLDER/company_forecasting.py', '--cfg-path', '/tmp/tmpid894u5u', '--error-file', '/tmp/tmpm1r1e6zu']
[2022-06-25 17:53:45,540] {standard_task_runner.py:77} INFO - Job 96: Subtask readCSV_convertColumns
[2022-06-25 17:53:45,601] {logging_mixin.py:104} INFO - Running <TaskInstance: SDG_Enrique_V0.readCSV_convertColumns 2022-06-25T17:53:28.008870+00:00 [running]> on host 9ed5e21ae5e4
[2022-06-25 17:53:45,655] {taskinstance.py:1257} INFO - Exporting the following env vars:
AIRFLOW_CTX_DAG_EMAIL=enrique-liebana@outlook.com
AIRFLOW_CTX_DAG_OWNER=Enrique
AIRFLOW_CTX_DAG_ID=SDG_Enrique_V0
AIRFLOW_CTX_TASK_ID=readCSV_convertColumns
AIRFLOW_CTX_EXECUTION_DATE=2022-06-25T17:53:28.008870+00:00
AIRFLOW_CTX_DAG_RUN_ID=manual__2022-06-25T17:53:28.008870+00:00
[2022-06-25 17:53:48,561] {logging_mixin.py:104} WARNING - /home/airflow/.local/lib/python3.6/site-packages/airflow/models/taskinstance.py:1315 DtypeWarning: Columns (46,56,59) have mixed types.Specify dtype option on import or set low_memory=False.
[2022-06-25 17:53:49,247] {logging_mixin.py:104} INFO -       rev_mean mou_mean totmrc_mean  ... creditcd eqpdays customer_id
0      23,9975   219,25        22,5  ...        Y   361.0     1000001
1      57,4925   482,75      37,425  ...        Y   240.0     1000002
2        16,99    10,25       16,99  ...        Y  1504.0     1000003
3           38      7,5          38  ...        Y  1812.0     1000004
4        55,23    570,5       71,98  ...        Y   434.0     1000005
...        ...      ...         ...  ...      ...     ...         ...
99995      NaN      NaN         NaN  ...        Y    32.0     1099993
99996    95,17     1745       84,99  ...        Y   464.0     1099994
99997      NaN      NaN         NaN  ...        Y   378.0     1099995
99998      NaN      NaN         NaN  ...        N    75.0     1099999
99999      NaN      NaN         NaN  ...        N     5.0     1100000

[100000 rows x 100 columns]
[2022-06-25 17:53:49,249] {logging_mixin.py:104} INFO - **************** FLOAT COLUMNS *********************
[2022-06-25 17:53:49,251] {taskinstance.py:1455} ERROR - 'rev_Mean'
Traceback (most recent call last):
  File "/home/airflow/.local/lib/python3.6/site-packages/pandas/core/indexes/base.py", line 2898, in get_loc
    return self._engine.get_loc(casted_key)
  File "pandas/_libs/index.pyx", line 70, in pandas._libs.index.IndexEngine.get_loc
  File "pandas/_libs/index.pyx", line 101, in pandas._libs.index.IndexEngine.get_loc
  File "pandas/_libs/hashtable_class_helper.pxi", line 1675, in pandas._libs.hashtable.PyObjectHashTable.get_item
  File "pandas/_libs/hashtable_class_helper.pxi", line 1683, in pandas._libs.hashtable.PyObjectHashTable.get_item
KeyError: 'rev_Mean'

The above exception was the direct cause of the following exception:

Traceback (most recent call last):
  File "/home/airflow/.local/lib/python3.6/site-packages/airflow/models/taskinstance.py", line 1112, in _run_raw_task
    self._prepare_and_execute_task_with_callbacks(context, task)
  File "/home/airflow/.local/lib/python3.6/site-packages/airflow/models/taskinstance.py", line 1285, in _prepare_and_execute_task_with_callbacks
    result = self._execute_task(context, task_copy)
  File "/home/airflow/.local/lib/python3.6/site-packages/airflow/models/taskinstance.py", line 1315, in _execute_task
    result = task_copy.execute(context=context)
  File "/home/airflow/.local/lib/python3.6/site-packages/airflow/operators/python.py", line 117, in execute
    return_value = self.execute_callable()
  File "/home/airflow/.local/lib/python3.6/site-packages/airflow/operators/python.py", line 128, in execute_callable
    return self.python_callable(*self.op_args, **self.op_kwargs)
  File "/opt/airflow/dags/company_forecasting.py", line 65, in read_and_convertColumns
    data_company[a]=data_company[a].str.replace(',','.').astype(float)
  File "/home/airflow/.local/lib/python3.6/site-packages/pandas/core/frame.py", line 2906, in __getitem__
    indexer = self.columns.get_loc(key)
  File "/home/airflow/.local/lib/python3.6/site-packages/pandas/core/indexes/base.py", line 2900, in get_loc
    raise KeyError(key) from err
KeyError: 'rev_Mean'
[2022-06-25 17:53:49,270] {taskinstance.py:1503} INFO - Marking task as FAILED. dag_id=SDG_Enrique_V0, task_id=readCSV_convertColumns, execution_date=20220625T175328, start_date=20220625T175345, end_date=20220625T175349
[2022-06-25 17:53:49,386] {local_task_job.py:146} INFO - Task exited with return code 1
